<?xml version='1.0' encoding='UTF-8'?>
<testsuite hostname="DESKTOP-LFGDGOH" name="com.knoldus.FactorialAndPalindrome.Factorial.validator.FactorialValidatorTest" tests="2" errors="0" failures="0" skipped="0" time="0.003" timestamp="2021-01-31T00:54:12">
                     <properties>
[...]
</properties>
                     <testcase classname="com.knoldus.FactorialAndPalindrome.Factorial.validator.FactorialValidatorTest" name="Number should is correct" time="0.002">
                                                 
                                               </testcase><testcase classname="com.knoldus.FactorialAndPalindrome.Factorial.validator.FactorialValidatorTest" name="Number should be positive, you entered negative number" time="0.001">
                                                 
                                               </testcase>
                     <system-out><![CDATA[]]></system-out>
                     <system-err><![CDATA[]]></system-err>
                   </testsuite>